<?xml version="1.0" encoding="UTF-8"?>
<testng-results ignored="0" total="2" passed="2" failed="0" skipped="0">
  <reporter-output>
  </reporter-output>
  <suite started-at="2022-01-20T17:31:05 IST" name="Login Automation Suite" finished-at="2022-01-20T17:32:25 IST" duration-ms="80167">
    <groups>
    </groups>
    <test started-at="2022-01-20T17:31:05 IST" name="LoginTest" finished-at="2022-01-20T17:32:25 IST" duration-ms="80167">
      <class name="com.testcases.telaDocTests">
        <test-method is-config="true" signature="initialization()[pri:0, instance:com.testcases.telaDocTests@37d4349f]" started-at="2022-01-20T17:31:05 IST" name="initialization" finished-at="2022-01-20T17:31:46 IST" duration-ms="40359" status="PASS">
          <reporter-output>
          </reporter-output>
        </test-method> <!-- initialization -->
        <test-method signature="addUserTest()[pri:0, instance:com.testcases.telaDocTests@37d4349f]" started-at="2022-01-20T17:31:46 IST" name="addUserTest" finished-at="2022-01-20T17:31:52 IST" duration-ms="6147" status="PASS">
          <reporter-output>
          </reporter-output>
        </test-method> <!-- addUserTest -->
        <test-method signature="deleteUserTest()[pri:0, instance:com.testcases.telaDocTests@37d4349f]" started-at="2022-01-20T17:31:52 IST" name="deleteUserTest" finished-at="2022-01-20T17:32:22 IST" duration-ms="30233" status="PASS">
          <reporter-output>
          </reporter-output>
        </test-method> <!-- deleteUserTest -->
        <test-method is-config="true" signature="quit()[pri:0, instance:com.testcases.telaDocTests@37d4349f]" started-at="2022-01-20T17:32:23 IST" name="quit" finished-at="2022-01-20T17:32:25 IST" duration-ms="2233" status="PASS">
          <reporter-output>
          </reporter-output>
        </test-method> <!-- quit -->
      </class> <!-- com.testcases.telaDocTests -->
    </test> <!-- LoginTest -->
  </suite> <!-- Login Automation Suite -->
</testng-results>
